<?xml version="1.0" encoding="UTF-8"?>
<!-- Generated by org.testng.reporters.JUnitXMLReporter -->
<testsuite ignored="0" hostname="DESKTOP-RNCMJUH" failures="0" tests="4" name="Default test" time="0.252" errors="0" timestamp="2022-10-03T10:13:55 IST">
  <testcase classname="com.testNG.com.DependsOn" name="aMethod" time="0.041"/>
  <testcase classname="com.testNG.com.DependsOn" name="dMethod" time="0.009"/>
  <testcase classname="com.testNG.com.DependsOn" name="cMethod" time="0.006"/>
  <testcase classname="com.testNG.com.DependsOn" name="bMethod" time="0.006"/>
</testsuite> <!-- Default test -->
