<?xml version="1.0" encoding="UTF-8"?>
<!-- Generated by org.testng.reporters.JUnitXMLReporter -->
<testsuite ignored="1" hostname="DESKTOP-RNCMJUH" failures="0" tests="3" name="Test" time="0.267" errors="0" timestamp="2022-10-03T11:41:05 IST">
  <testcase classname="com.testNG.com.Grouping" name="launch" time="0.053"/>
  <testcase classname="com.testNG.com.Grouping" name="login" time="0.004"/>
  <testcase classname="com.testNG.com.Grouping" name="search" time="0.004"/>
  <testcase classname="com.testNG.com.Grouping" name="setUp" time="0.0">
    <ignored/>
  </testcase> <!-- setUp -->
</testsuite> <!-- Test -->
