<?xml version="1.0" encoding="UTF-8"?>
<testng-results ignored="1" total="4" passed="3" failed="0" skipped="0">
  <reporter-output>
  </reporter-output>
  <suite started-at="2022-10-03T11:41:04 IST" name="Suite" finished-at="2022-10-03T11:41:04 IST" duration-ms="267">
    <groups>
      <group name="smoketest1">
        <method signature="Grouping.search()[pri:0, instance:com.testNG.com.Grouping@2abf4075]" name="search" class="com.testNG.com.Grouping"/>
      </group> <!-- smoketest1 -->
      <group name="smoketest2">
        <method signature="Grouping.launch()[pri:0, instance:com.testNG.com.Grouping@2abf4075]" name="launch" class="com.testNG.com.Grouping"/>
        <method signature="Grouping.login()[pri:0, instance:com.testNG.com.Grouping@2abf4075]" name="login" class="com.testNG.com.Grouping"/>
        <method signature="Grouping.search()[pri:0, instance:com.testNG.com.Grouping@2abf4075]" name="search" class="com.testNG.com.Grouping"/>
      </group> <!-- smoketest2 -->
    </groups>
    <test started-at="2022-10-03T11:41:04 IST" name="Test" finished-at="2022-10-03T11:41:04 IST" duration-ms="267">
      <class name="com.testNG.com.Grouping">
        <test-method signature="launch()[pri:0, instance:com.testNG.com.Grouping@2abf4075]" started-at="2022-10-03T11:41:04 IST" name="launch" finished-at="2022-10-03T11:41:04 IST" duration-ms="53" status="PASS">
          <reporter-output>
          </reporter-output>
        </test-method> <!-- launch -->
        <test-method signature="login()[pri:0, instance:com.testNG.com.Grouping@2abf4075]" started-at="2022-10-03T11:41:04 IST" name="login" finished-at="2022-10-03T11:41:04 IST" duration-ms="4" status="PASS">
          <reporter-output>
          </reporter-output>
        </test-method> <!-- login -->
        <test-method signature="search()[pri:0, instance:com.testNG.com.Grouping@2abf4075]" started-at="2022-10-03T11:41:04 IST" name="search" finished-at="2022-10-03T11:41:04 IST" duration-ms="4" status="PASS">
          <reporter-output>
          </reporter-output>
        </test-method> <!-- search -->
      </class> <!-- com.testNG.com.Grouping -->
    </test> <!-- Test -->
  </suite> <!-- Suite -->
</testng-results>
